#
# There is insufficient memory for the Java Runtime Environment to continue.
# Native memory allocation (mmap) failed to map 134217728 bytes for Failed to commit area from 0x0000000081c00000 to 0x0000000089c00000 of length 134217728.
# Possible reasons:
#   The system is out of physical RAM or swap space
#   The process is running with CompressedOops enabled, and the Java Heap may be blocking the growth of the native heap
# Possible solutions:
#   Reduce memory load on the system
#   Increase physical memory or swap space
#   Check if swap backing store is full
#   Decrease Java heap size (-Xmx/-Xms)
#   Decrease number of Java threads
#   Decrease Java thread stack sizes (-Xss)
#   Set larger code cache with -XX:ReservedCodeCacheSize=
# This output file may be truncated or incomplete.
#
#  Out of Memory Error (./src/hotspot/os/windows/os_windows.cpp:3619), pid=17096, tid=7920
#
# JRE version:  (11.0.13) (build )
# Java VM: OpenJDK 64-Bit Server VM (11.0.13+0-b1751.21-8125866, mixed mode, sharing, tiered, compressed oops, g1 gc, windows-amd64)
# No core dump will be written. Minidumps are not enabled by default on client versions of Windows
#

---------------  S U M M A R Y ------------

Command Line: org.jetbrains.kotlin.cli.jvm.K2JVMCompiler @E:\pmmz\calculatorLab2\app\build\20221123_5961211102772955335.compiler.options

Host: Intel(R) Core(TM) i5-9300H CPU @ 2.40GHz, 8 cores, 7G,  Windows 10 , 64 bit Build 19041 (10.0.19041.2251)
Time: Wed Nov 23 14:35:51 2022 FLE Standard Time elapsed time: 0.016937 seconds (0d 0h 0m 0s)

---------------  T H R E A D  ---------------

Current thread (0x000001e1381ea000):  JavaThread "Unknown thread" [_thread_in_vm, id=7920, stack(0x000000c929000000,0x000000c929100000)]

Stack: [0x000000c929000000,0x000000c929100000]
Native frames: (J=compiled Java code, j=interpreted, Vv=VM code, C=native code)
V  [jvm.dll+0x6100fa]
V  [jvm.dll+0x747090]
V  [jvm.dll+0x7486ad]
V  [jvm.dll+0x748d83]
V  [jvm.dll+0x24ab48]
V  [jvm.dll+0x60d164]
V  [jvm.dll+0x601e75]
V  [jvm.dll+0x308bdb]
V  [jvm.dll+0x308b4a]
V  [jvm.dll+0x308a22]
V  [jvm.dll+0x30d986]
V  [jvm.dll+0x357093]
V  [jvm.dll+0x357796]
V  [jvm.dll+0x357193]
V  [jvm.dll+0x2e3448]
V  [jvm.dll+0x2e45f7]
V  [jvm.dll+0x7242e7]
V  [jvm.dll+0x725adc]
V  [jvm.dll+0x364629]
V  [jvm.dll+0x707cee]
V  [jvm.dll+0x3d2633]
V  [jvm.dll+0x3d4a21]
C  [jli.dll+0x536b]
C  [ucrtbase.dll+0x21bb2]
C  [KERNEL32.DLL+0x174b4]
C  [ntdll.dll+0x526a1]


---------------  P R O C E S S  ---------------

Threads class SMR info:
_java_thread_list=0x000001e1367e38f0, length=0, elements={
}

Java Threads: ( => current thread )

Other Threads:
  0x000001e138200800 GCTaskThread "GC Thread#0" [stack: 0x000000c929100000,0x000000c929200000] [id=14544]
  0x000001e138232800 ConcurrentGCThread "G1 Main Marker" [stack: 0x000000c929200000,0x000000c929300000] [id=7924]
  0x000001e138234800 ConcurrentGCThread "G1 Conc#0" [stack: 0x000000c929300000,0x000000c929400000] [id=21604]

[error occurred during error reporting (printing all threads), id 0xc0000005, EXCEPTION_ACCESS_VIOLATION (0xc0000005) at pc=0x00007ffdbe8f3dd7]

VM state:not at safepoint (not fully initialized)

VM Mutex/Monitor currently owned by a thread:  ([mutex/lock_event])
[0x000001e1381e5ee0] Heap_lock - owner thread: 0x000001e1381ea000

Heap address: 0x0000000081c00000, size: 2020 MB, Compressed Oops mode: Non-zero based: 0x0000000081c00000
Narrow klass base: 0x0000000000000000, Narrow klass shift: 0

GC Heap History (0 events):
No events

Deoptimization events (0 events):
No events

Classes redefined (0 events):
No events

Internal exceptions (0 events):
No events

Events (1 events):
Event: 0.012 Loaded shared library E:\android studio\jre\bin\zip.dll


Dynamic libraries:
0x00007ff6ce130000 - 0x00007ff6ce13a000 	E:\android studio\jre\bin\java.exe
0x00007ffe316d0000 - 0x00007ffe318c8000 	C:\WINDOWS\SYSTEM32\ntdll.dll
0x00007ffe2fb10000 - 0x00007ffe2fbcf000 	C:\WINDOWS\System32\KERNEL32.DLL
0x00007ffe2f410000 - 0x00007ffe2f6e2000 	C:\WINDOWS\System32\KERNELBASE.dll
0x00007ffe2f000000 - 0x00007ffe2f100000 	C:\WINDOWS\System32\ucrtbase.dll
0x00007ffe10f90000 - 0x00007ffe10fa7000 	E:\android studio\jre\bin\VCRUNTIME140.dll
0x00007ffe0ee60000 - 0x00007ffe0ee79000 	E:\android studio\jre\bin\jli.dll
0x00007ffe30100000 - 0x00007ffe3029d000 	C:\WINDOWS\System32\USER32.dll
0x00007ffe1cca0000 - 0x00007ffe1cf3a000 	C:\WINDOWS\WinSxS\amd64_microsoft.windows.common-controls_6595b64144ccf1df_6.0.19041.1110_none_60b5254171f9507e\COMCTL32.dll
0x00007ffe2f6f0000 - 0x00007ffe2f712000 	C:\WINDOWS\System32\win32u.dll
0x00007ffe30390000 - 0x00007ffe3042e000 	C:\WINDOWS\System32\msvcrt.dll
0x00007ffe30360000 - 0x00007ffe3038b000 	C:\WINDOWS\System32\GDI32.dll
0x00007ffe2f100000 - 0x00007ffe2f20f000 	C:\WINDOWS\System32\gdi32full.dll
0x00007ffe2f210000 - 0x00007ffe2f2ad000 	C:\WINDOWS\System32\msvcp_win.dll
0x00007ffe2fca0000 - 0x00007ffe2fcd2000 	C:\WINDOWS\System32\IMM32.DLL
0x00007ffdfef20000 - 0x00007ffdfefbd000 	E:\android studio\jre\bin\msvcp140.dll
0x00007ffdbe600000 - 0x00007ffdbf102000 	E:\android studio\jre\bin\server\jvm.dll
0x00007ffe2f940000 - 0x00007ffe2f9ee000 	C:\WINDOWS\System32\ADVAPI32.dll
0x00007ffe302c0000 - 0x00007ffe3035c000 	C:\WINDOWS\System32\sechost.dll
0x00007ffe2f810000 - 0x00007ffe2f935000 	C:\WINDOWS\System32\RPCRT4.dll
0x00007ffe2f800000 - 0x00007ffe2f808000 	C:\WINDOWS\System32\PSAPI.DLL
0x00007ffe0d800000 - 0x00007ffe0d809000 	C:\WINDOWS\SYSTEM32\WSOCK32.dll
0x00007ffe19b60000 - 0x00007ffe19b87000 	C:\WINDOWS\SYSTEM32\WINMM.dll
0x00007ffe206a0000 - 0x00007ffe206aa000 	C:\WINDOWS\SYSTEM32\VERSION.dll
0x00007ffe2fce0000 - 0x00007ffe2fd4b000 	C:\WINDOWS\System32\WS2_32.dll
0x00007ffe2ce30000 - 0x00007ffe2ce42000 	C:\WINDOWS\SYSTEM32\kernel.appcore.dll
0x00007ffe276b0000 - 0x00007ffe276c1000 	E:\android studio\jre\bin\verify.dll
0x00007ffe2c9e0000 - 0x00007ffe2cbc4000 	C:\WINDOWS\SYSTEM32\DBGHELP.DLL
0x00007ffe1a8b0000 - 0x00007ffe1a8dc000 	C:\WINDOWS\SYSTEM32\dbgcore.DLL
0x00007ffe2edd0000 - 0x00007ffe2ee52000 	C:\WINDOWS\System32\bcryptPrimitives.dll
0x00007ffe084e0000 - 0x00007ffe08509000 	E:\android studio\jre\bin\java.dll
0x00007ffe27750000 - 0x00007ffe2775b000 	E:\android studio\jre\bin\jimage.dll
0x00007ffe11120000 - 0x00007ffe11138000 	E:\android studio\jre\bin\zip.dll

dbghelp: loaded successfully - version: 4.0.5 - missing functions: none
symbol engine: initialized successfully - sym options: 0x614 - pdb path: .;E:\android studio\jre\bin;C:\WINDOWS\SYSTEM32;C:\WINDOWS\WinSxS\amd64_microsoft.windows.common-controls_6595b64144ccf1df_6.0.19041.1110_none_60b5254171f9507e;E:\android studio\jre\bin\server

VM Arguments:
java_command: org.jetbrains.kotlin.cli.jvm.K2JVMCompiler @E:\pmmz\calculatorLab2\app\build\20221123_5961211102772955335.compiler.options
java_class_path (initial): C:\Users\Саша\.gradle\caches\modules-2\files-2.1\org.jetbrains.kotlin\kotlin-compiler-embeddable\1.7.20\8db18559a581dd2c36ddfd5046af145650f5b126\kotlin-compiler-embeddable-1.7.20.jar;C:\Users\Саша\.gradle\caches\modules-2\files-2.1\org.jetbrains.kotlin\kotlin-reflect\1.7.20\12b2501e33bb6373e8e347c86d85481863629381\kotlin-reflect-1.7.20.jar;C:\Users\Саша\.gradle\caches\modules-2\files-2.1\org.jetbrains.kotlin\kotlin-stdlib\1.7.20\726594ea9ba2beb2ee113647fefa9a10f9fabe52\kotlin-stdlib-1.7.20.jar;C:\Users\Саша\.gradle\caches\modules-2\files-2.1\org.jetbrains.kotlin\kotlin-script-runtime\1.7.20\bcd1cc6f865e632550357fcc59f5ffd532615a8\kotlin-script-runtime-1.7.20.jar;C:\Users\Саша\.gradle\caches\modules-2\files-2.1\org.jetbrains.kotlin\kotlin-daemon-embeddable\1.7.20\1e24355adad8d529d75d5b19eab55484057431ba\kotlin-daemon-embeddable-1.7.20.jar;C:\Users\Саша\.gradle\caches\modules-2\files-2.1\org.jetbrains.intellij.deps\trove4j\1.0.20200330\3afb14d5f9ceb459d724e907a21145e8ff394f02\trove4j-1.0.20200330.jar;C:\Users\Саша\.gradle\caches\modules-2\files-2.1\net.java.dev.jna\jna\5.6.0\330f2244e9030119ab3030fc3fededc86713d9cc\jna-5.6.0.jar;C:\Users\Саша\.gradle\caches\modules-2\files-2.1\org.jetbrains.kotlin\kotlin-stdlib-common\1.7.20\e15351bdaf9fa06f009be5da7a202e4184f00ae3\kotlin-stdlib-common-1.7.20.jar;C:\Users\Саша\.gradle\caches\modules-2\files-2.1\org.jetbrains\annotations\13.0\919f0dfe192fb4e063e7dacadee7f8bb9a2672a9\annotations-13.0.jar
Launcher Type: SUN_STANDARD

[Global flags]
     intx CICompilerCount                          = 4                                         {product} {ergonomic}
     uint ConcGCThreads                            = 2                                         {product} {ergonomic}
     uint G1ConcRefinementThreads                  = 8                                         {product} {ergonomic}
   size_t G1HeapRegionSize                         = 1048576                                   {product} {ergonomic}
    uintx GCDrainStackTargetSize                   = 64                                        {product} {ergonomic}
   size_t InitialHeapSize                          = 134217728                                 {product} {ergonomic}
   size_t MarkStackSize                            = 4194304                                   {product} {ergonomic}
   size_t MaxHeapSize                              = 2118123520                                {product} {ergonomic}
   size_t MinHeapDeltaBytes                        = 1048576                                   {product} {ergonomic}
    uintx NonNMethodCodeHeapSize                   = 5836300                                {pd product} {ergonomic}
    uintx NonProfiledCodeHeapSize                  = 122910970                              {pd product} {ergonomic}
    uintx ProfiledCodeHeapSize                     = 122910970                              {pd product} {ergonomic}
    uintx ReservedCodeCacheSize                    = 251658240                              {pd product} {ergonomic}
     bool SegmentedCodeCache                       = true                                      {product} {ergonomic}
     bool UseCompressedClassPointers               = true                                 {lp64_product} {ergonomic}
     bool UseCompressedOops                        = true                                 {lp64_product} {ergonomic}
     bool UseG1GC                                  = true                                      {product} {ergonomic}
     bool UseLargePagesIndividualAllocation        = false                                  {pd product} {ergonomic}

Logging:
Log output configuration:
 #0: stdout all=warning uptime,level,tags
 #1: stderr all=off uptime,level,tags

Environment Variables:
PATH=C:\WINDOWS\system32;C:\WINDOWS;C:\WINDOWS\System32\Wbem;C:\WINDOWS\System32\WindowsPowerShell\v1.0\;C:\WINDOWS\System32\OpenSSH\;C:\Program Files\NVIDIA Corporation\NVIDIA NvDLISR;C:\Program Files (x86)\NVIDIA Corporation\PhysX\Common;E:\matlab\bin;C:\Program Files\dotnet\;C:\Program Files\Docker\Docker\resources\bin;C:\Program Files\Git\cmd;C:\Users\Саша\AppData\Local\Microsoft\WindowsApps;;C:\Users\Саша\AppData\Local\Programs\Microsoft VS Code\bin;C:\Users\Саша\.dotnet\tools
USERNAME=Саша
OS=Windows_NT
PROCESSOR_IDENTIFIER=Intel64 Family 6 Model 158 Stepping 10, GenuineIntel



---------------  S Y S T E M  ---------------

OS: Windows 10 , 64 bit Build 19041 (10.0.19041.2251)
OS uptime: 9 days 17:57 hours
Hyper-V role detected

CPU:total 8 (initial active 8) (4 cores per cpu, 2 threads per core) family 6 model 158 stepping 10 microcode 0xd6, cmov, cx8, fxsr, mmx, sse, sse2, sse3, ssse3, sse4.1, sse4.2, popcnt, avx, avx2, aes, clmul, erms, 3dnowpref, lzcnt, ht, tsc, tscinvbit, bmi1, bmi2, adx, fma

Memory: 4k page, system-wide physical 8072M (361M free)
TotalPageFile size 17634M (AvailPageFile size 104M)
current process WorkingSet (physical memory assigned to process): 10M, peak: 10M
current process commit charge ("private bytes"): 59M, peak: 187M

vm_info: OpenJDK 64-Bit Server VM (11.0.13+0-b1751.21-8125866) for windows-amd64 JRE (11.0.13+0-b1751.21-8125866), built on Feb  2 2022 03:00:22 by "builder" with MS VC++ 14.0 (VS2015)

END.
